Removed Pin From Net: NetName=NetC1_1 Pin=C1-1
Removed Pin From Net: NetName=NetC4_1 Pin=C4-1
Removed Pin From Net: NetName=NetC1_1 Pin=C4-2
Removed Pin From Net: NetName=NetC1_1 Pin=U2-2
Removed Pin From Net: NetName=NetC1_1 Pin=U3-1
Change Component Footprint: Designator=U2 Old Footprint=FAIR-TO-220-3 New Footprint=ONSC-TO-220-3-221AB-01
Change Component Footprint: Designator=C1 Old Footprint=RAD-0.3 New Footprint=CAPPR65-350-1150X800X1250
Change Component Footprint: Designator=C2 Old Footprint=RAD-0.3 New Footprint=CAPPR65-350-1150X800X1250
Change Component Footprint: Designator=C3 Old Footprint=RAD-0.3 New Footprint=CAPPR65-350-1150X800X1250
Change Component Footprint: Designator=C4 Old Footprint=RAD-0.3 New Footprint=CAPPR65-350-1150X800X1250
Change Component Footprint: Designator=VR1 Old Footprint=TRIM_3296W-1-250 New Footprint=BOUR-3296W
Change Component Comment : Designator=VR1 Old Comment=3296W-1-250 New Comment=3296W-1-103LF
Change Component Comment : Designator=C1 Old Comment=Cap New Comment=ECA1HM101
Change Component Comment : Designator=C2 Old Comment=Cap New Comment=ECA1HM101
Change Component Comment : Designator=C3 Old Comment=Cap New Comment=ECA1HM101
Change Component Comment : Designator=C4 Old Comment=Cap New Comment=ECA1HM101
Change Component Comment : Designator=U2 Old Comment=LM7805ACT New Comment=LM317TG
Change Component Comment : Designator=U3 Old Comment=LM7905CT/NOPB New Comment=LM337T/NOPB
Change Managed Component Library Link : Designator=U3 Old VaultGUID=B7D15EC3-160A-466F-A46C-7801FE6295A7 New VaultGUID=B7D15EC3-160A-466F-A46C-7801FE6295A7 Old ItemGUID=FC57C389-4FF4-4E89-A203-E73ED0BC29DB New ItemGUID=77151A7A-9358-4668-80BA-911F365D48E7 Old RevisionGUID=A501FA7B-7791-4805-8038-0A2535B6644E New RevisionGUID=D98818AB-1A81-45FC-B0DF-F974DF9A6E8F
Change Managed Component Library Link : Designator=C1 Old VaultGUID= New VaultGUID=AF2B8E7F-053E-413E-AD39-CB011EE39B32 Old ItemGUID= New ItemGUID=1DB665B3-5C55-4AAB-AEC5-F231469C17EA Old RevisionGUID= New RevisionGUID=D2E97170-8C66-4F5B-B800-B172B5D7C37B
Change Managed Component Library Link : Designator=C2 Old VaultGUID= New VaultGUID=AF2B8E7F-053E-413E-AD39-CB011EE39B32 Old ItemGUID= New ItemGUID=1DB665B3-5C55-4AAB-AEC5-F231469C17EA Old RevisionGUID= New RevisionGUID=D2E97170-8C66-4F5B-B800-B172B5D7C37B
Change Managed Component Library Link : Designator=C3 Old VaultGUID= New VaultGUID=AF2B8E7F-053E-413E-AD39-CB011EE39B32 Old ItemGUID= New ItemGUID=1DB665B3-5C55-4AAB-AEC5-F231469C17EA Old RevisionGUID= New RevisionGUID=D2E97170-8C66-4F5B-B800-B172B5D7C37B
Change Managed Component Library Link : Designator=C4 Old VaultGUID= New VaultGUID=AF2B8E7F-053E-413E-AD39-CB011EE39B32 Old ItemGUID= New ItemGUID=1DB665B3-5C55-4AAB-AEC5-F231469C17EA Old RevisionGUID= New RevisionGUID=D2E97170-8C66-4F5B-B800-B172B5D7C37B
Change Managed Component Library Link : Designator=U2 Old VaultGUID=B7D15EC3-160A-466F-A46C-7801FE6295A7 New VaultGUID=AF2B8E7F-053E-413E-AD39-CB011EE39B32 Old ItemGUID=C07DAFBA-8B33-43F7-9996-A81B69381AD0 New ItemGUID=E12ABFF5-B488-4BDA-9250-EDC995EA9266 Old RevisionGUID=3FC92513-FCE9-4897-9706-9F36B4051FDB New RevisionGUID=E7429A8C-F84E-4E52-A292-4BB4C6C21185
Change Managed Component Library Link : Designator=VR1 Old VaultGUID= New VaultGUID=AF2B8E7F-053E-413E-AD39-CB011EE39B32 Old ItemGUID= New ItemGUID=3EAFA5FB-60FB-46D3-8F0B-A9234D19FA8D Old RevisionGUID= New RevisionGUID=AB6AC043-28ED-47A0-99D8-FC3503D070A7
Change component parameters: Designator = "C1" ("C1"); Footprint = "RAD-0.3"; UniqueID = "\RDPSHHCJ" ("\RDPSHHCJ")
Change component parameters (AddParameter): Name = "Capacitor Type"; Value = "Electrolytic"; VariantName = "[No Variations]"
Change component parameters (AddParameter): Name = "Case/Package"; Value = "Radial"; VariantName = "[No Variations]"
Change component parameters (AddParameter): Name = "Datasheet URL"; Value = "https://industrial.panasonic.com/cdbs/www-data/pdf/RDF0000/ABA0000C1218.pdf"; VariantName = "[No Variations]"
Change component parameters (AddParameter): Name = "Datasheet Version"; Value = "Rev. 05, 10/2016"; VariantName = "[No Variations]"
Change component parameters (AddParameter): Name = "Diameter"; Value = "8mm"; VariantName = "[No Variations]"
Change component parameters (AddParameter): Name = "Lead Pitch"; Value = "3.5mm"; VariantName = "[No Variations]"
Change component parameters (AddParameter): Name = "Manufacturer"; Value = "Panasonic"; VariantName = "[No Variations]"
Change component parameters (AddParameter): Name = "Manufacturer URL"; Value = "http://www.panasonic.com/"; VariantName = "[No Variations]"
Change component parameters (AddParameter): Name = "Max Operating Temperature"; Value = "85°C"; VariantName = "[No Variations]"
Change component parameters (AddParameter): Name = "Min Operating Temperature"; Value = "-40°C"; VariantName = "[No Variations]"
Change component parameters (AddParameter): Name = "Mounting Technology"; Value = "TH"; VariantName = "[No Variations]"
Change component parameters (AddParameter): Name = "Package Description"; Value = "2-Pin Radial Lead, Dia 8 mm, Height 12.5 mm"; VariantName = "[No Variations]"
Change component parameters (AddParameter): Name = "Package Quantity"; Value = "200"; VariantName = "[No Variations]"
Change component parameters (AddParameter): Name = "Package Reference"; Value = "CAPPR65-350-1150X800X1250"; VariantName = "[No Variations]"
Change component parameters (AddParameter): Name = "Packaging"; Value = "Bulk"; VariantName = "[No Variations]"
Change component parameters (AddParameter): Name = "Pins"; Value = "2"; VariantName = "[No Variations]"
Change component parameters (AddParameter): Name = "Ripple Current"; Value = "250mA"; VariantName = "[No Variations]"
Change component parameters (AddParameter): Name = "Ripple Current (AC)"; Value = "250mA"; VariantName = "[No Variations]"
Change component parameters (AddParameter): Name = "RoHS Compliant"; Value = "True"; VariantName = "[No Variations]"
Change component parameters (AddParameter): Name = "Tolerance"; Value = "20%"; VariantName = "[No Variations]"
Change component parameters (AddParameter): Name = "Value"; Value = "100µF"; VariantName = "[No Variations]"
Change component parameters (AddParameter): Name = "Voltage Rating"; Value = "50V"; VariantName = "[No Variations]"
Change component parameters: Designator = "C2" ("C2"); Footprint = "RAD-0.3"; UniqueID = "\QCWUNJSX" ("\QCWUNJSX")
Change component parameters (AddParameter): Name = "Capacitor Type"; Value = "Electrolytic"; VariantName = "[No Variations]"
Change component parameters (AddParameter): Name = "Case/Package"; Value = "Radial"; VariantName = "[No Variations]"
Change component parameters (AddParameter): Name = "Datasheet URL"; Value = "https://industrial.panasonic.com/cdbs/www-data/pdf/RDF0000/ABA0000C1218.pdf"; VariantName = "[No Variations]"
Change component parameters (AddParameter): Name = "Datasheet Version"; Value = "Rev. 05, 10/2016"; VariantName = "[No Variations]"
Change component parameters (AddParameter): Name = "Diameter"; Value = "8mm"; VariantName = "[No Variations]"
Change component parameters (AddParameter): Name = "Lead Pitch"; Value = "3.5mm"; VariantName = "[No Variations]"
Change component parameters (AddParameter): Name = "Manufacturer"; Value = "Panasonic"; VariantName = "[No Variations]"
Change component parameters (AddParameter): Name = "Manufacturer URL"; Value = "http://www.panasonic.com/"; VariantName = "[No Variations]"
Change component parameters (AddParameter): Name = "Max Operating Temperature"; Value = "85°C"; VariantName = "[No Variations]"
Change component parameters (AddParameter): Name = "Min Operating Temperature"; Value = "-40°C"; VariantName = "[No Variations]"
Change component parameters (AddParameter): Name = "Mounting Technology"; Value = "TH"; VariantName = "[No Variations]"
Change component parameters (AddParameter): Name = "Package Description"; Value = "2-Pin Radial Lead, Dia 8 mm, Height 12.5 mm"; VariantName = "[No Variations]"
Change component parameters (AddParameter): Name = "Package Quantity"; Value = "200"; VariantName = "[No Variations]"
Change component parameters (AddParameter): Name = "Package Reference"; Value = "CAPPR65-350-1150X800X1250"; VariantName = "[No Variations]"
Change component parameters (AddParameter): Name = "Packaging"; Value = "Bulk"; VariantName = "[No Variations]"
Change component parameters (AddParameter): Name = "Pins"; Value = "2"; VariantName = "[No Variations]"
Change component parameters (AddParameter): Name = "Ripple Current"; Value = "250mA"; VariantName = "[No Variations]"
Change component parameters (AddParameter): Name = "Ripple Current (AC)"; Value = "250mA"; VariantName = "[No Variations]"
Change component parameters (AddParameter): Name = "RoHS Compliant"; Value = "True"; VariantName = "[No Variations]"
Change component parameters (AddParameter): Name = "Tolerance"; Value = "20%"; VariantName = "[No Variations]"
Change component parameters (AddParameter): Name = "Value"; Value = "100µF"; VariantName = "[No Variations]"
Change component parameters (AddParameter): Name = "Voltage Rating"; Value = "50V"; VariantName = "[No Variations]"
Change component parameters: Designator = "C3" ("C3"); Footprint = "RAD-0.3"; UniqueID = "\YEXTNSUT" ("\YEXTNSUT")
Change component parameters (AddParameter): Name = "Capacitor Type"; Value = "Electrolytic"; VariantName = "[No Variations]"
Change component parameters (AddParameter): Name = "Case/Package"; Value = "Radial"; VariantName = "[No Variations]"
Change component parameters (AddParameter): Name = "Datasheet URL"; Value = "https://industrial.panasonic.com/cdbs/www-data/pdf/RDF0000/ABA0000C1218.pdf"; VariantName = "[No Variations]"
Change component parameters (AddParameter): Name = "Datasheet Version"; Value = "Rev. 05, 10/2016"; VariantName = "[No Variations]"
Change component parameters (AddParameter): Name = "Diameter"; Value = "8mm"; VariantName = "[No Variations]"
Change component parameters (AddParameter): Name = "Lead Pitch"; Value = "3.5mm"; VariantName = "[No Variations]"
Change component parameters (AddParameter): Name = "Manufacturer"; Value = "Panasonic"; VariantName = "[No Variations]"
Change component parameters (AddParameter): Name = "Manufacturer URL"; Value = "http://www.panasonic.com/"; VariantName = "[No Variations]"
Change component parameters (AddParameter): Name = "Max Operating Temperature"; Value = "85°C"; VariantName = "[No Variations]"
Change component parameters (AddParameter): Name = "Min Operating Temperature"; Value = "-40°C"; VariantName = "[No Variations]"
Change component parameters (AddParameter): Name = "Mounting Technology"; Value = "TH"; VariantName = "[No Variations]"
Change component parameters (AddParameter): Name = "Package Description"; Value = "2-Pin Radial Lead, Dia 8 mm, Height 12.5 mm"; VariantName = "[No Variations]"
Change component parameters (AddParameter): Name = "Package Quantity"; Value = "200"; VariantName = "[No Variations]"
Change component parameters (AddParameter): Name = "Package Reference"; Value = "CAPPR65-350-1150X800X1250"; VariantName = "[No Variations]"
Change component parameters (AddParameter): Name = "Packaging"; Value = "Bulk"; VariantName = "[No Variations]"
Change component parameters (AddParameter): Name = "Pins"; Value = "2"; VariantName = "[No Variations]"
Change component parameters (AddParameter): Name = "Ripple Current"; Value = "250mA"; VariantName = "[No Variations]"
Change component parameters (AddParameter): Name = "Ripple Current (AC)"; Value = "250mA"; VariantName = "[No Variations]"
Change component parameters (AddParameter): Name = "RoHS Compliant"; Value = "True"; VariantName = "[No Variations]"
Change component parameters (AddParameter): Name = "Tolerance"; Value = "20%"; VariantName = "[No Variations]"
Change component parameters (AddParameter): Name = "Value"; Value = "100µF"; VariantName = "[No Variations]"
Change component parameters (AddParameter): Name = "Voltage Rating"; Value = "50V"; VariantName = "[No Variations]"
Change component parameters: Designator = "C4" ("C4"); Footprint = "RAD-0.3"; UniqueID = "\IYFIGAJS" ("\IYFIGAJS")
Change component parameters (AddParameter): Name = "Capacitor Type"; Value = "Electrolytic"; VariantName = "[No Variations]"
Change component parameters (AddParameter): Name = "Case/Package"; Value = "Radial"; VariantName = "[No Variations]"
Change component parameters (AddParameter): Name = "Datasheet URL"; Value = "https://industrial.panasonic.com/cdbs/www-data/pdf/RDF0000/ABA0000C1218.pdf"; VariantName = "[No Variations]"
Change component parameters (AddParameter): Name = "Datasheet Version"; Value = "Rev. 05, 10/2016"; VariantName = "[No Variations]"
Change component parameters (AddParameter): Name = "Diameter"; Value = "8mm"; VariantName = "[No Variations]"
Change component parameters (AddParameter): Name = "Lead Pitch"; Value = "3.5mm"; VariantName = "[No Variations]"
Change component parameters (AddParameter): Name = "Manufacturer"; Value = "Panasonic"; VariantName = "[No Variations]"
Change component parameters (AddParameter): Name = "Manufacturer URL"; Value = "http://www.panasonic.com/"; VariantName = "[No Variations]"
Change component parameters (AddParameter): Name = "Max Operating Temperature"; Value = "85°C"; VariantName = "[No Variations]"
Change component parameters (AddParameter): Name = "Min Operating Temperature"; Value = "-40°C"; VariantName = "[No Variations]"
Change component parameters (AddParameter): Name = "Mounting Technology"; Value = "TH"; VariantName = "[No Variations]"
Change component parameters (AddParameter): Name = "Package Description"; Value = "2-Pin Radial Lead, Dia 8 mm, Height 12.5 mm"; VariantName = "[No Variations]"
Change component parameters (AddParameter): Name = "Package Quantity"; Value = "200"; VariantName = "[No Variations]"
Change component parameters (AddParameter): Name = "Package Reference"; Value = "CAPPR65-350-1150X800X1250"; VariantName = "[No Variations]"
Change component parameters (AddParameter): Name = "Packaging"; Value = "Bulk"; VariantName = "[No Variations]"
Change component parameters (AddParameter): Name = "Pins"; Value = "2"; VariantName = "[No Variations]"
Change component parameters (AddParameter): Name = "Ripple Current"; Value = "250mA"; VariantName = "[No Variations]"
Change component parameters (AddParameter): Name = "Ripple Current (AC)"; Value = "250mA"; VariantName = "[No Variations]"
Change component parameters (AddParameter): Name = "RoHS Compliant"; Value = "True"; VariantName = "[No Variations]"
Change component parameters (AddParameter): Name = "Tolerance"; Value = "20%"; VariantName = "[No Variations]"
Change component parameters (AddParameter): Name = "Value"; Value = "100µF"; VariantName = "[No Variations]"
Change component parameters (AddParameter): Name = "Voltage Rating"; Value = "50V"; VariantName = "[No Variations]"
Change component parameters: Designator = "U2" ("U2"); Footprint = "FAIR-TO-220-3"; UniqueID = "\QCKTHNXD" ("\QCKTHNXD")
Change component parameters (AddParameter): Name = "Case/Package"; Value = "TO-220"; VariantName = "[No Variations]"
Change component parameters (AddParameter): Name = "Datasheet URL"; Value = "http://www.onsemi.com/pub_link/Collateral/LM317-D.PDF"; VariantName = "[No Variations]"
Change component parameters (AddParameter): Name = "Datasheet Version"; Value = "Rev. 14, 01/2016"; VariantName = "[No Variations]"
Change component parameters (AddParameter): Name = "Manufacturer"; Value = "ON Semiconductor"; VariantName = "[No Variations]"
Change component parameters (AddParameter): Name = "Manufacturer URL"; Value = "http://www.onsemi.com/"; VariantName = "[No Variations]"
Change component parameters (AddParameter): Name = "Max Input Voltage"; Value = "40V"; VariantName = "[No Variations]"
Change component parameters (AddParameter): Name = "Max Operating Temperature"; Value = "125°C"; VariantName = "[No Variations]"
Change component parameters (AddParameter): Name = "Max Ouput Current"; Value = "1.5A"; VariantName = "[No Variations]"
Change component parameters (AddParameter): Name = "Max Power Dissipation"; Value = ""; VariantName = "[No Variations]"
Change component parameters (AddParameter): Name = "Max Supply Voltage"; Value = ""; VariantName = "[No Variations]"
Change component parameters (AddParameter): Name = "Min Input Voltage"; Value = "4.2V"; VariantName = "[No Variations]"
Change component parameters (AddParameter): Name = "Min Operating Temperature"; Value = "0°C"; VariantName = "[No Variations]"
Change component parameters (AddParameter): Name = "Min Supply Voltage"; Value = ""; VariantName = "[No Variations]"
Change component parameters (AddParameter): Name = "Mounting Technology"; Value = "TH"; VariantName = "[No Variations]"
Change component parameters (AddParameter): Name = "Output Current"; Value = "1.5A"; VariantName = "[No Variations]"
Change component parameters (AddParameter): Name = "Output Voltage"; Value = "1.2V"; VariantName = "[No Variations]"
Change component parameters (AddParameter): Name = "Outputs"; Value = "1"; VariantName = "[No Variations]"
Change component parameters (AddParameter): Name = "Package Description"; Value = "3-Pin Flange Mount, Vertical Straight Lead, Body 9.97 x 4.445 mm, Pitch 2.54 mm"; VariantName = "[No Variations]"
Change component parameters (AddParameter): Name = "Package Quantity"; Value = "50"; VariantName = "[No Variations]"
Change component parameters (AddParameter): Name = "Package Reference"; Value = "TO-220-3-221AB-01"; VariantName = "[No Variations]"
Change component parameters (AddParameter): Name = "Package Version"; Value = "Rev. A, 11/2010"; VariantName = "[No Variations]"
Change component parameters (AddParameter): Name = "Packaging"; Value = "Rail/Tube"; VariantName = "[No Variations]"
Change component parameters (AddParameter): Name = "Pins"; Value = "3"; VariantName = "[No Variations]"
Change component parameters (AddParameter): Name = "RoHS Compliant"; Value = "True"; VariantName = "[No Variations]"
Change component parameters: Designator = "U3" ("U3"); Footprint = "NDE0003A"; UniqueID = "\JJMCOJLM" ("\JJMCOJLM")
Change component parameters (AddParameter): Name = "Code_IPC"; Value = ""; VariantName = "[No Variations]"
Change component parameters (AddParameter): Name = "Code_JEDEC"; Value = ""; VariantName = "[No Variations]"
Change component parameters (AddParameter): Name = "Code_JEITA"; Value = ""; VariantName = "[No Variations]"
Change component parameters (AddParameter): Name = "ComponentLink1Description"; Value = "Datasheet URL"; VariantName = "[No Variations]"
Change component parameters (AddParameter): Name = "ComponentLink1URL"; Value = "http://www.ti.com/general/docs/lit/getliterature.tsp?genericPartNumber=LM337-N&fileType=pdf"; VariantName = "[No Variations]"
Change component parameters (AddParameter): Name = "CompType"; Value = "LDO IC"; VariantName = "[No Variations]"
Change component parameters (AddParameter): Name = "High-Reliability"; Value = ""; VariantName = "[No Variations]"
Change component parameters (AddParameter): Name = "Manufacturer"; Value = "Texas Instruments"; VariantName = "[No Variations]"
Change component parameters (AddParameter): Name = "PackageDescription"; Value = "TO-220, Molded, 3 Lead, Straight"; VariantName = "[No Variations]"
Change component parameters (AddParameter): Name = "PackageReference"; Value = "NDE0003A"; VariantName = "[No Variations]"
Change component parameters (AddParameter): Name = "PackageTopMarking"; Value = "NSUZXYTTE#*LM337T P+"; VariantName = "[No Variations]"
Change component parameters (AddParameter): Name = "PartNumber"; Value = ""; VariantName = "[No Variations]"
Change component parameters (AddParameter): Name = "PinCount"; Value = "3"; VariantName = "[No Variations]"
Change component parameters (AddParameter): Name = "PowerWise"; Value = "N"; VariantName = "[No Variations]"
Change component parameters (AddParameter): Name = "RoHS"; Value = "Y"; VariantName = "[No Variations]"
Change component parameters: Designator = "VR1" ("VR1"); Footprint = "TRIM_3296W-1-250"; UniqueID = "\UUQIKBXC" ("\UUQIKBXC")
Change component parameters (AddParameter): Name = "Case/Package"; Value = "3296W"; VariantName = "[No Variations]"
Change component parameters (AddParameter): Name = "Datasheet URL"; Value = "http://www.bourns.com/docs/Product-Datasheets/3296.pdf"; VariantName = "[No Variations]"
Change component parameters (AddParameter): Name = "Datasheet Version"; Value = "May-16"; VariantName = "[No Variations]"
Change component parameters (AddParameter): Name = "Manufacturer"; Value = "Bourns"; VariantName = "[No Variations]"
Change component parameters (AddParameter): Name = "Manufacturer URL"; Value = "http://www.bourns.com/"; VariantName = "[No Variations]"
Change component parameters (AddParameter): Name = "Max Operating Temperature"; Value = "150°C"; VariantName = "[No Variations]"
Change component parameters (AddParameter): Name = "Min Operating Temperature"; Value = "-55°C"; VariantName = "[No Variations]"
Change component parameters (AddParameter): Name = "Mounting Technology"; Value = "TH"; VariantName = "[No Variations]"
Change component parameters (AddParameter): Name = "Package Description"; Value = "3-Pin Through Hole Device, Body 9.53 x 4.83 mm, Pitch 2.54 mm"; VariantName = "[No Variations]"
Change component parameters (AddParameter): Name = "Package Quantity"; Value = "50"; VariantName = "[No Variations]"
Change component parameters (AddParameter): Name = "Package Reference"; Value = "3296W"; VariantName = "[No Variations]"
Change component parameters (AddParameter): Name = "Packaging"; Value = "Rail/Tube"; VariantName = "[No Variations]"
Change component parameters (AddParameter): Name = "Pins"; Value = ""; VariantName = "[No Variations]"
Change component parameters (AddParameter): Name = "Power"; Value = "500mW"; VariantName = "[No Variations]"
Change component parameters (AddParameter): Name = "Resistance"; Value = "10k"; VariantName = "[No Variations]"
Change component parameters (AddParameter): Name = "RoHS Compliant"; Value = "True"; VariantName = "[No Variations]"
Change component parameters (AddParameter): Name = "Tolerance"; Value = "10%"; VariantName = "[No Variations]"
Change component parameters (AddParameter): Name = "Voltage Rating"; Value = "300V"; VariantName = "[No Variations]"
Added Component: Designator=LED(HDR1X2)
Add component (AddParameter): Name = "LatestRevisionDate"; Value = "17-Jul-2002"; VariantName = "[No Variations]"
Add component (AddParameter): Name = "LatestRevisionNote"; Value = "Re-released for DXP Platform."; VariantName = "[No Variations]"
Add component (AddParameter): Name = "Publisher"; Value = "Altium Limited"; VariantName = "[No Variations]"
Added Component: Designator=power_button(HDR1X2)
Add component (AddParameter): Name = "LatestRevisionDate"; Value = "17-Jul-2002"; VariantName = "[No Variations]"
Add component (AddParameter): Name = "LatestRevisionNote"; Value = "Re-released for DXP Platform."; VariantName = "[No Variations]"
Add component (AddParameter): Name = "Publisher"; Value = "Altium Limited"; VariantName = "[No Variations]"
Added Component: Designator=R2(AXIAL-0.4)
Add component (AddParameter): Name = "LatestRevisionDate"; Value = "17-Jul-2002"; VariantName = "[No Variations]"
Add component (AddParameter): Name = "LatestRevisionNote"; Value = "Re-released for DXP Platform."; VariantName = "[No Variations]"
Add component (AddParameter): Name = "PackageDescription"; Value = "Axial Device, Thru-Hole; 2 Leads; 0.4 in Pin Spacing"; VariantName = "[No Variations]"
Add component (AddParameter): Name = "PackageReference"; Value = "AXIAL-0.4"; VariantName = "[No Variations]"
Add component (AddParameter): Name = "Published"; Value = "8-Jun-2000"; VariantName = "[No Variations]"
Add component (AddParameter): Name = "Publisher"; Value = "Altium Limited"; VariantName = "[No Variations]"
Add component (AddParameter): Name = "Value"; Value = "1K"; VariantName = "[No Variations]"
Added Component: Designator=R3(AXIAL-0.4)
Add component (AddParameter): Name = "LatestRevisionDate"; Value = "17-Jul-2002"; VariantName = "[No Variations]"
Add component (AddParameter): Name = "LatestRevisionNote"; Value = "Re-released for DXP Platform."; VariantName = "[No Variations]"
Add component (AddParameter): Name = "PackageDescription"; Value = "Axial Device, Thru-Hole; 2 Leads; 0.4 in Pin Spacing"; VariantName = "[No Variations]"
Add component (AddParameter): Name = "PackageReference"; Value = "AXIAL-0.4"; VariantName = "[No Variations]"
Add component (AddParameter): Name = "Published"; Value = "8-Jun-2000"; VariantName = "[No Variations]"
Add component (AddParameter): Name = "Publisher"; Value = "Altium Limited"; VariantName = "[No Variations]"
Add component (AddParameter): Name = "Value"; Value = "10k"; VariantName = "[No Variations]"
Added Component: Designator=R4(AXIAL-0.4)
Add component (AddParameter): Name = "LatestRevisionDate"; Value = "17-Jul-2002"; VariantName = "[No Variations]"
Add component (AddParameter): Name = "LatestRevisionNote"; Value = "Re-released for DXP Platform."; VariantName = "[No Variations]"
Add component (AddParameter): Name = "PackageDescription"; Value = "Axial Device, Thru-Hole; 2 Leads; 0.4 in Pin Spacing"; VariantName = "[No Variations]"
Add component (AddParameter): Name = "PackageReference"; Value = "AXIAL-0.4"; VariantName = "[No Variations]"
Add component (AddParameter): Name = "Published"; Value = "8-Jun-2000"; VariantName = "[No Variations]"
Add component (AddParameter): Name = "Publisher"; Value = "Altium Limited"; VariantName = "[No Variations]"
Add component (AddParameter): Name = "Value"; Value = "1K"; VariantName = "[No Variations]"
Added Component: Designator=VR2(BOUR-3296W)
Add component (AddParameter): Name = "Case/Package"; Value = "3296W"; VariantName = "[No Variations]"
Add component (AddParameter): Name = "Datasheet URL"; Value = "http://www.bourns.com/docs/Product-Datasheets/3296.pdf"; VariantName = "[No Variations]"
Add component (AddParameter): Name = "Datasheet Version"; Value = "May-16"; VariantName = "[No Variations]"
Add component (AddParameter): Name = "Manufacturer"; Value = "Bourns"; VariantName = "[No Variations]"
Add component (AddParameter): Name = "Manufacturer URL"; Value = "http://www.bourns.com/"; VariantName = "[No Variations]"
Add component (AddParameter): Name = "Max Operating Temperature"; Value = "150°C"; VariantName = "[No Variations]"
Add component (AddParameter): Name = "Min Operating Temperature"; Value = "-55°C"; VariantName = "[No Variations]"
Add component (AddParameter): Name = "Mounting Technology"; Value = "TH"; VariantName = "[No Variations]"
Add component (AddParameter): Name = "Package Description"; Value = "3-Pin Through Hole Device, Body 9.53 x 4.83 mm, Pitch 2.54 mm"; VariantName = "[No Variations]"
Add component (AddParameter): Name = "Package Quantity"; Value = "50"; VariantName = "[No Variations]"
Add component (AddParameter): Name = "Package Reference"; Value = "3296W"; VariantName = "[No Variations]"
Add component (AddParameter): Name = "Packaging"; Value = "Rail/Tube"; VariantName = "[No Variations]"
Add component (AddParameter): Name = "Pins"; Value = ""; VariantName = "[No Variations]"
Add component (AddParameter): Name = "Power"; Value = "500mW"; VariantName = "[No Variations]"
Add component (AddParameter): Name = "Resistance"; Value = "10k"; VariantName = "[No Variations]"
Add component (AddParameter): Name = "RoHS Compliant"; Value = "True"; VariantName = "[No Variations]"
Add component (AddParameter): Name = "Tolerance"; Value = "10%"; VariantName = "[No Variations]"
Add component (AddParameter): Name = "Voltage Rating"; Value = "300V"; VariantName = "[No Variations]"
Added Component: Designator=VR3(BOUR-3296W)
Add component (AddParameter): Name = "Case/Package"; Value = "3296W"; VariantName = "[No Variations]"
Add component (AddParameter): Name = "Datasheet URL"; Value = "http://www.bourns.com/docs/Product-Datasheets/3296.pdf"; VariantName = "[No Variations]"
Add component (AddParameter): Name = "Datasheet Version"; Value = "May-16"; VariantName = "[No Variations]"
Add component (AddParameter): Name = "Manufacturer"; Value = "Bourns"; VariantName = "[No Variations]"
Add component (AddParameter): Name = "Manufacturer URL"; Value = "http://www.bourns.com/"; VariantName = "[No Variations]"
Add component (AddParameter): Name = "Max Operating Temperature"; Value = "150°C"; VariantName = "[No Variations]"
Add component (AddParameter): Name = "Min Operating Temperature"; Value = "-55°C"; VariantName = "[No Variations]"
Add component (AddParameter): Name = "Mounting Technology"; Value = "TH"; VariantName = "[No Variations]"
Add component (AddParameter): Name = "Package Description"; Value = "3-Pin Through Hole Device, Body 9.53 x 4.83 mm, Pitch 2.54 mm"; VariantName = "[No Variations]"
Add component (AddParameter): Name = "Package Quantity"; Value = "50"; VariantName = "[No Variations]"
Add component (AddParameter): Name = "Package Reference"; Value = "3296W"; VariantName = "[No Variations]"
Add component (AddParameter): Name = "Packaging"; Value = "Rail/Tube"; VariantName = "[No Variations]"
Add component (AddParameter): Name = "Pins"; Value = ""; VariantName = "[No Variations]"
Add component (AddParameter): Name = "Power"; Value = "500mW"; VariantName = "[No Variations]"
Add component (AddParameter): Name = "Resistance"; Value = "10k"; VariantName = "[No Variations]"
Add component (AddParameter): Name = "RoHS Compliant"; Value = "True"; VariantName = "[No Variations]"
Add component (AddParameter): Name = "Tolerance"; Value = "10%"; VariantName = "[No Variations]"
Add component (AddParameter): Name = "Voltage Rating"; Value = "300V"; VariantName = "[No Variations]"
Added Pin To Net: NetName=NetC1_1 Pin=C1-2
Added Pin To Net: NetName=NetC1_1 Pin=C4-1
Added Pin To Net: NetName=NetC4_1 Pin=C4-2
Added Pin To Net: NetName=NetC4_1 Pin=R3-1
Added Pin To Net: NetName=NetC1_1 Pin=VR2-2
Added Pin To Net: NetName=NetC1_1 Pin=VR3-2
Change Net Name : Old Net Name=NetC1_1 New Net Name=feedback
Change Net Name : Old Net Name=NetC4_1 New Net Name=-power
Added Pin To Net: NetName=+3.3V Pin=OUT1-1
Added Pin To Net: NetName=+3.3V Pin=R2-1
Added Pin To Net: NetName=+3.3V Pin=U2-2
Added Net: Name=+3.3V
Added Pin To Net: NetName=+power Pin=C2-1
Added Pin To Net: NetName=+power Pin=LED-2
Added Pin To Net: NetName=+power Pin=power_button-1
Added Pin To Net: NetName=+power Pin=Q1-2
Added Pin To Net: NetName=+power Pin=U1-8
Added Pin To Net: NetName=+power Pin=U2-3
Added Pin To Net: NetName=+power Pin=VR1-1
Added Net: Name=+power
Added Pin To Net: NetName=-3.3V Pin=C3-2
Added Pin To Net: NetName=-3.3V Pin=OUT1-3
Added Pin To Net: NetName=-3.3V Pin=R4-1
Added Pin To Net: NetName=-3.3V Pin=U3-3
Added Net: Name=-3.3V
Added Pin To Net: NetName=NetIN1_1 Pin=IN1-1
Added Pin To Net: NetName=NetIN1_1 Pin=power_button-2
Added Net: Name=NetIN1_1
Added Pin To Net: NetName=NetLED_1 Pin=LED-1
Added Pin To Net: NetName=NetLED_1 Pin=R3-2
Added Net: Name=NetLED_1
Added Pin To Net: NetName=NetR2_2 Pin=R2-2
Added Pin To Net: NetName=NetR2_2 Pin=U2-1
Added Pin To Net: NetName=NetR2_2 Pin=VR2-1
Added Net: Name=NetR2_2
Added Pin To Net: NetName=NetR4_2 Pin=R4-2
Added Pin To Net: NetName=NetR4_2 Pin=U3-1
Added Pin To Net: NetName=NetR4_2 Pin=VR3-3
Added Net: Name=NetR4_2
Added Member To Class: ClassName=Sheet2 Member=Component LED Header 2
Added Member To Class: ClassName=Sheet2 Member=Component power_button Header 2
Added Member To Class: ClassName=Sheet2 Member=Component R2 100k
Added Member To Class: ClassName=Sheet2 Member=Component R3 10k
Added Member To Class: ClassName=Sheet2 Member=Component R4 100k
Added Member To Class: ClassName=Sheet2 Member=Component VR2 3296W-1-103LF
Added Member To Class: ClassName=Sheet2 Member=Component VR3 3296W-1-103LF
